<?xml version="1.0" encoding="UTF-8"?>
<!-- Generated by org.testng.reporters.JUnitReportReporter -->
<testsuite hostname="LIN19005516" failures="0" tests="1" name="suiteB.TestB3" time="2.002" errors="0" timestamp="2021-11-03T14:33:25 IST" skipped="0">
  <testcase classname="suiteB.TestB3" name="testB3" time="2.002"/>
  <system-out/>
</testsuite> <!-- suiteB.TestB3 -->
