<?xml version="1.0" encoding="UTF-8"?>
<!-- Generated by org.testng.reporters.JUnitReportReporter -->
<testsuite hostname="LIN19005516" failures="0" tests="4" name="com.testng.FirstTestCase" time="0.007" errors="0" timestamp="2021-11-03T11:32:03 IST" skipped="0">
  <testcase classname="com.testng.FirstTestCase" name="openUrl" time="0.002"/>
  <system-out/>
  <testcase classname="com.testng.FirstTestCase" name="login" time="0.003"/>
  <system-out/>
  <testcase classname="com.testng.FirstTestCase" name="login" time="0.001"/>
  <system-out/>
  <testcase classname="com.testng.FirstTestCase" name="openUrl" time="0.001"/>
  <system-out/>
</testsuite> <!-- com.testng.FirstTestCase -->
