<?xml version="1.0" encoding="UTF-8"?>
<!-- Generated by org.testng.reporters.JUnitReportReporter -->
<testsuite hostname="LIN19005516" failures="0" tests="8" name="com.testng.NewTest1" time="0.014" errors="0" timestamp="2021-11-03T11:32:03 IST" skipped="2">
  <testcase classname="com.testng.NewTest1" name="b" time="0.003"/>
  <system-out/>
  <testcase classname="com.testng.NewTest1" name="b" time="0.001"/>
  <system-out/>
  <testcase classname="com.testng.NewTest1" name="c" time="0.003"/>
  <system-out/>
  <testcase classname="com.testng.NewTest1" name="c" time="0.003"/>
  <system-out/>
  <testcase classname="com.testng.NewTest1" name="g" time="0.001"/>
  <system-out/>
  <testcase classname="com.testng.NewTest1" name="g" time="0.003"/>
  <system-out/>
  <testcase classname="com.testng.NewTest1" name="z">
    <skipped/>
  </testcase> <!-- z -->
  <system-out/>
  <testcase classname="com.testng.NewTest1" name="z">
    <skipped/>
  </testcase> <!-- z -->
  <system-out/>
</testsuite> <!-- com.testng.NewTest1 -->
