<?xml version="1.0" encoding="UTF-8"?>
<!-- Generated by org.testng.reporters.JUnitReportReporter -->
<testsuite hostname="LIN19005516" failures="0" tests="1" name="suiteA.TestA1" time="3.006" errors="0" timestamp="2021-11-03T14:33:25 IST" skipped="0">
  <testcase classname="suiteA.TestA1" name="testA1" time="3.006"/>
  <system-out/>
</testsuite> <!-- suiteA.TestA1 -->
