<?xml version="1.0" encoding="UTF-8"?>
<!-- Generated by org.testng.reporters.JUnitReportReporter -->
<testsuite hostname="LIN19005516" failures="0" tests="4" name="com.dependency.DependencyDemo" time="0.009" errors="0" timestamp="2021-11-03T21:46:22 IST" skipped="0">
  <testcase classname="com.dependency.DependencyDemo" name="orange" time="0.007"/>
  <system-out/>
  <testcase classname="com.dependency.DependencyDemo" name="white" time="0.001"/>
  <system-out/>
  <testcase classname="com.dependency.DependencyDemo" name="blue" time="0.001"/>
  <system-out/>
  <testcase classname="com.dependency.DependencyDemo" name="green" time="0.000"/>
  <system-out/>
</testsuite> <!-- com.dependency.DependencyDemo -->
