<?xml version="1.0" encoding="UTF-8"?>
<!-- Generated by org.testng.reporters.JUnitReportReporter -->
<testsuite hostname="LIN19005516" failures="0" tests="1" name="suiteB.TestB1" time="2.010" errors="0" timestamp="2021-11-03T14:33:25 IST" skipped="0">
  <testcase classname="suiteB.TestB1" name="testB1" time="2.010"/>
  <system-out/>
</testsuite> <!-- suiteB.TestB1 -->
