<?xml version="1.0" encoding="UTF-8"?>
<!-- Generated by org.testng.reporters.JUnitReportReporter -->
<testsuite hostname="LIN19005516" failures="0" tests="1" name="com.testng.TC_003" time="6.436" errors="0" timestamp="2021-11-03T21:16:29 IST" skipped="0">
  <testcase classname="com.testng.TC_003" name="f" time="6.436"/>
  <system-out/>
</testsuite> <!-- com.testng.TC_003 -->
