<?xml version="1.0" encoding="UTF-8"?>
<!-- Generated by org.testng.reporters.JUnitReportReporter -->
<testsuite hostname="LIN19005516" failures="0" tests="2" name="com.testng.NewTest" time="0.014" errors="0" timestamp="2021-11-03T11:44:39 IST" skipped="0">
  <testcase classname="com.testng.NewTest" name="test1" time="0.007"/>
  <system-out/>
  <testcase classname="com.testng.NewTest" name="test2" time="0.007"/>
  <system-out/>
</testsuite> <!-- com.testng.NewTest -->
